<?xml version="1.0" encoding="UTF-8"?>
<!-- Generated by org.testng.reporters.JUnitXMLReporter -->
<testsuite hostname="DESKTOP-8VJB88U" ignored="0" name="Test" tests="4" failures="0" timestamp="17 Sep 2022 18:43:58 GMT" time="6.922" errors="0">
  <testcase name="test2" time="0.003" classname="RESTAPI.POSTRequest"/>
  <testcase name="test1" time="3.564" classname="RESTAPI.EndToEndTest"/>
  <testcase name="test1" time="0.004" classname="RESTAPI.GETRequestAll"/>
  <testcase name="test2" time="0.0" classname="RESTAPI.GETRequestAll"/>
</testsuite> <!-- Test -->
